Timestamp,GameNumber,GuessCount,WinningGuess,Status,Model
2024-12-09 17:51:20,15,29,work
2024-12-09 17:58:19,15,26,work
2024-12-09 18:00:37,501,87,state
2024-12-09 19:37:04,15,47,work
2024-12-09 20:13:33,395,68,helicopter
2024-12-09 20:20:03,395,68,helicopter
2024-12-09 20:23:06,581,26,sheep
2024-12-09 20:49:36,534,71,airplane
2024-12-09 20:54:28,768,55,signal
2024-12-09 21:04:00,768,55,signal
2024-12-09 21:48:26,544,22,surgery
2024-12-09 21:49:33,423,48,kidney
2024-12-09 21:50:32,48,77,kitchen
2024-12-09 21:52:45,74,72,prayer
2024-12-09 21:59:15,559,33,job
2024-12-09 22:00:34,382,77,orchestra
2024-12-09 22:06:35,504,96,group
2024-12-09 22:11:33,605,14,lizard
2024-12-09 22:12:18,423,48,kidney
2024-12-09 22:16:09,572,14,afternoon
2024-12-09 22:16:46,529,52,infinity
2024-12-09 22:17:04,265,27,goat
2024-12-09 22:17:12,742,66,stewed
2024-12-09 22:18:24,221,35,feeling
2024-12-09 22:20:10,490,57,torch
2024-12-09 22:21:00,805,27,cave
2024-12-09 22:22:46,598,22,data
2024-12-09 22:24:05,572,14,afternoon
2024-12-09 22:25:36,199,45,opera
2024-12-09 22:27:20,400,85,hockey
2024-12-09 22:30:25,427,20,dinner
2024-12-09 22:30:40,102,129,violin
2024-12-09 22:30:44,485,22,kindness
2024-12-09 22:32:39,534,71,airplane
2024-12-09 22:36:08,21,42,apartment
2024-12-09 22:36:36,81,62,bakery
2024-12-09 22:40:05,622,30,kingdom
2024-12-09 22:41:58,563,48,earth
2024-12-09 22:43:33,25,53,dog
2024-12-09 22:48:02,594,32,knowledge
2024-12-09 22:48:13,167,42,lobster
2024-12-09 22:49:24,529,52,infinity
2024-12-09 22:53:30,380,47,fabric
2024-12-09 23:00:58,685,87,stove
2024-12-09 23:04:03,534,71,airplane
2024-12-10 09:56:23,473,27,anger
2024-12-10 10:01:55,640,25,county
2024-12-10 10:03:59,150,91,knife
2024-12-10 10:11:20,559,36,job
2024-12-10 12:17:14,559,28,job
2024-12-10 12:22:23,534,71,airplane
2024-12-17 16:35:30,544,22,surgery
2024-12-17 16:54:39,534,132,airplane
2024-12-17 17:00:31,534,121,airplane
2024-12-17 17:05:43,534,121,airplane
2024-12-17 17:14:21,544,22,surgery
2024-12-17 17:17:43,544,22,surgery
2024-12-17 17:20:12,534,71,airplane
2024-12-17 17:25:31,544,22,surgery
2024-12-17 17:30:27,544,22,surgery
2024-12-17 17:35:18,544,22,surgery
2024-12-17 17:52:07,534,65,airplane
2024-12-17 17:54:13,534,65,airplane
2024-12-17 18:08:15,642,22,N/A,FAILED
2024-12-17 18:08:37,592,23,N/A,FAILED
2024-12-17 18:09:15,753,21,strategy,COMPLETED
2024-12-17 18:09:36,210,59,N/A,FAILED
2024-12-17 18:10:28,609,25,N/A,FAILED
2024-12-17 18:12:45,80,150,N/A,FAILED
2024-12-17 18:13:12,821,87,N/A,FAILED
2024-12-17 18:13:26,787,50,N/A,FAILED
2024-12-17 18:15:11,201,25,N/A,FAILED
2024-12-17 18:15:30,335,32,N/A,FAILED
2024-12-17 18:16:04,72,42,N/A,FAILED
2024-12-17 18:16:41,311,101,N/A,FAILED
2024-12-17 18:17:24,608,60,spanish,COMPLETED
2024-12-17 18:17:30,102,130,violin,COMPLETED
2024-12-17 18:18:00,537,68,N/A,FAILED
2024-12-17 18:18:57,689,30,corner,COMPLETED
2024-12-17 18:20:28,362,48,N/A,FAILED
2024-12-17 18:20:29,451,92,N/A,FAILED
2024-12-17 18:20:30,606,83,N/A,FAILED
2024-12-17 18:22:02,704,31,N/A,FAILED
2024-12-17 18:22:55,757,68,N/A,FAILED
2024-12-17 18:23:06,187,22,N/A,FAILED
2024-12-17 18:23:13,157,42,N/A,FAILED
2024-12-17 18:25:06,451,93,N/A,FAILED
2024-12-17 18:25:14,252,32,cafeteria,COMPLETED
2024-12-17 18:26:20,364,18,N/A,FAILED
2024-12-17 18:27:07,143,60,N/A,FAILED
2024-12-17 18:28:08,157,42,N/A,FAILED
2024-12-17 18:28:12,302,39,wig,COMPLETED
2024-12-17 18:30:24,748,94,N/A,FAILED
2024-12-17 18:31:05,594,29,knowledge,COMPLETED
2024-12-17 18:32:10,167,45,lobster,COMPLETED
2024-12-17 18:33:25,440,69,N/A,FAILED
2024-12-17 18:33:31,806,42,N/A,FAILED
2024-12-17 18:34:00,115,48,cabbage,COMPLETED
2024-12-17 18:35:10,455,50,N/A,FAILED
2024-12-17 18:35:18,801,80,N/A,FAILED
2024-12-17 18:35:43,246,81,N/A,FAILED
2024-12-17 18:36:32,749,26,N/A,FAILED
2024-12-17 18:37:02,771,10,user,COMPLETED
2024-12-17 18:37:36,211,25,N/A,FAILED
2024-12-17 18:37:44,480,55,N/A,FAILED
2024-12-17 18:39:06,256,25,N/A,FAILED
2024-12-17 18:40:20,447,150,N/A,FAILED
2024-12-17 18:40:24,308,59,N/A,FAILED
2024-12-17 18:40:26,259,81,N/A,FAILED
2024-12-17 18:42:04,664,46,N/A,FAILED
2024-12-17 18:42:32,124,44,N/A,FAILED
2024-12-17 18:42:54,386,22,N/A,FAILED
2024-12-17 18:43:27,320,64,N/A,FAILED
2024-12-17 18:43:38,707,52,N/A,FAILED
2024-12-17 18:43:51,635,23,N/A,FAILED
2024-12-17 18:44:43,212,66,N/A,FAILED
2024-12-17 18:44:48,525,22,N/A,FAILED
2024-12-17 18:45:04,10,23,fun,COMPLETED
2024-12-17 18:45:54,260,77,N/A,FAILED
2024-12-17 18:46:39,436,54,N/A,FAILED
2024-12-17 18:48:51,325,73,friendship,COMPLETED
2024-12-17 18:49:21,259,81,N/A,FAILED
2024-12-17 18:49:24,799,78,N/A,FAILED
2024-12-17 18:50:21,782,22,N/A,FAILED
2024-12-17 18:50:40,277,131,N/A,FAILED
2024-12-17 18:52:09,163,86,strawberry,COMPLETED
2024-12-17 18:52:17,291,90,N/A,FAILED
2024-12-17 18:52:29,779,31,N/A,FAILED
2024-12-17 18:53:04,160,28,N/A,FAILED
2024-12-17 18:54:03,422,39,N/A,FAILED
2024-12-17 18:54:30,111,72,N/A,FAILED
2024-12-17 18:54:30,425,150,N/A,FAILED
2024-12-17 18:55:05,296,108,N/A,FAILED
2024-12-17 18:55:15,811,22,N/A,FAILED
2024-12-17 18:56:19,64,92,N/A,FAILED
2024-12-17 18:56:51,79,44,N/A,FAILED
2024-12-17 18:57:21,789,57,N/A,FAILED
2024-12-17 18:57:30,531,39,N/A,FAILED
2024-12-17 18:58:00,765,54,N/A,FAILED
2024-12-17 18:58:14,782,22,N/A,FAILED
2024-12-17 18:59:05,346,22,N/A,FAILED
2024-12-17 18:59:51,196,88,N/A,FAILED
2024-12-17 19:00:23,56,47,N/A,FAILED
2024-12-17 19:00:39,252,32,cafeteria,COMPLETED
2024-12-17 19:01:33,587,59,N/A,FAILED
2024-12-17 19:01:53,61,150,N/A,FAILED
2024-12-17 19:03:27,81,63,bakery,COMPLETED
2024-12-17 19:03:29,176,81,N/A,FAILED
2024-12-17 19:03:35,383,124,N/A,FAILED
2024-12-17 19:04:22,811,22,N/A,FAILED
2024-12-17 19:05:00,176,81,N/A,FAILED
2024-12-17 19:05:33,562,48,N/A,FAILED
2024-12-17 19:05:39,163,72,strawberry,COMPLETED
2024-12-17 19:06:51,812,36,snake,COMPLETED
2024-12-17 19:07:32,56,47,N/A,FAILED
2024-12-17 19:08:24,599,39,N/A,FAILED
2024-12-17 19:08:47,478,67,N/A,FAILED
2024-12-17 19:09:27,694,72,N/A,FAILED
2024-12-17 19:10:45,31,22,N/A,FAILED
2024-12-17 19:11:35,220,42,N/A,FAILED
2024-12-17 19:11:36,599,39,N/A,FAILED
2024-12-17 19:11:51,669,27,N/A,FAILED
2024-12-17 19:12:00,68,32,bedroom,COMPLETED
2024-12-17 19:12:29,702,24,N/A,FAILED
2024-12-17 19:12:45,577,27,dock,COMPLETED
2024-12-17 19:13:02,9,9,bird,COMPLETED
2024-12-17 19:16:16,638,49,N/A,FAILED
2024-12-17 19:17:16,179,135,N/A,FAILED
2024-12-17 19:17:36,33,112,N/A,FAILED
2024-12-17 19:17:43,751,32,N/A,FAILED
2024-12-17 19:18:06,33,112,N/A,FAILED
2024-12-17 19:20:16,654,40,N/A,FAILED
2024-12-17 19:21:23,574,58,N/A,FAILED
2024-12-17 19:21:30,393,84,N/A,FAILED
2024-12-17 19:21:49,371,48,sweet,COMPLETED
2024-12-17 19:21:55,49,150,N/A,FAILED
2024-12-17 19:23:47,118,36,N/A,FAILED
2024-12-17 19:24:19,685,87,stove,COMPLETED
2024-12-17 19:24:23,636,59,N/A,FAILED
2024-12-17 19:25:38,49,150,N/A,FAILED
2024-12-17 19:25:39,646,62,manager,COMPLETED
2024-12-17 19:26:15,25,57,dog,COMPLETED
2024-12-17 19:27:18,66,70,N/A,FAILED
2024-12-17 19:27:43,711,33,N/A,FAILED
2024-12-17 19:28:03,67,47,N/A,FAILED
2024-12-17 19:28:18,19,22,N/A,FAILED
2024-12-17 19:28:28,251,5,animal,COMPLETED
2024-12-17 19:28:34,694,72,N/A,FAILED
2024-12-17 19:29:05,496,50,avocado,COMPLETED
2024-12-17 19:54:42,251,5,animal,COMPLETED
2024-12-17 19:57:46,251,5,animal
2024-12-17 19:58:32,642,89,N/A,FAILED
2024-12-17 20:13:55,426,51,paddle,COMPLETED
2024-12-17 20:14:00,208,54,N/A,FAILED
2024-12-17 20:14:27,8,44,N/A,FAILED
2024-12-17 20:15:23,562,72,N/A,FAILED
2024-12-17 20:15:37,34,46,library,COMPLETED
2024-12-17 20:15:46,200,57,N/A,FAILED
2024-12-17 20:16:46,253,117,hallway,COMPLETED
2024-12-17 20:19:35,809,21,squirrel,COMPLETED
2024-12-17 20:22:56,300,37,N/A,FAILED
2024-12-17 20:25:02,720,96,N/A,FAILED
2024-12-17 20:25:16,590,45,N/A,FAILED
2024-12-17 20:25:47,103,150,N/A,FAILED
2024-12-17 20:25:55,447,150,N/A,FAILED
2024-12-17 20:26:09,563,10,earth,COMPLETED
2024-12-17 20:27:31,742,67,stewed,COMPLETED
2024-12-17 20:27:31,498,35,canoe,COMPLETED
2024-12-17 20:28:52,636,112,studio,COMPLETED
2024-12-17 20:28:55,295,48,light,COMPLETED
2024-12-17 20:30:16,814,150,N/A,FAILED
2024-12-17 20:31:51,513,78,N/A,FAILED
2024-12-17 20:31:54,101,73,N/A,FAILED
2024-12-17 20:32:01,545,118,N/A,FAILED
2024-12-17 20:33:55,752,42,N/A,FAILED
2024-12-17 20:34:04,456,104,N/A,FAILED
2024-12-17 20:34:39,227,85,N/A,FAILED
2024-12-17 20:35:03,415,40,kangaroo,COMPLETED
2024-12-17 20:35:29,764,150,N/A,FAILED
2024-12-17 20:37:10,733,63,N/A,FAILED
2024-12-17 20:37:36,814,150,N/A,FAILED
2024-12-17 20:38:10,603,85,N/A,FAILED
2024-12-17 20:38:22,814,150,N/A,FAILED
2024-12-17 20:38:42,809,21,squirrel,COMPLETED
2024-12-17 20:40:01,253,113,hallway,COMPLETED
2024-12-17 20:40:15,17,69,N/A,FAILED
2024-12-17 20:41:29,37,56,piano,COMPLETED
2024-12-17 20:41:31,739,59,N/A,FAILED
2024-12-17 20:41:45,305,82,N/A,FAILED
2024-12-17 20:41:50,718,31,N/A,FAILED
2024-12-17 20:42:18,665,30,meeting,COMPLETED
2024-12-17 20:43:19,252,32,cafeteria,COMPLETED
2024-12-17 20:44:09,8,44,N/A,FAILED
2024-12-17 20:44:11,590,45,N/A,FAILED
2024-12-17 20:44:51,672,80,N/A,FAILED
2024-12-17 20:46:12,634,111,customer,COMPLETED
2024-12-17 20:48:01,124,150,N/A,FAILED
2024-12-17 20:48:04,633,150,N/A,FAILED
2024-12-17 20:49:11,232,150,N/A,FAILED
2024-12-17 20:49:56,456,104,N/A,FAILED
2024-12-17 20:51:43,436,89,N/A,FAILED
2024-12-17 20:51:49,628,63,N/A,FAILED
2024-12-17 20:52:13,461,124,N/A,FAILED
2024-12-17 20:54:33,43,144,N/A,FAILED
2024-12-17 20:55:10,22,22,beautiful,COMPLETED
2024-12-17 20:55:31,133,97,N/A,FAILED
2024-12-17 20:56:03,773,33,shoulder,COMPLETED
2024-12-17 20:56:16,627,150,N/A,FAILED
2024-12-17 20:56:24,12,132,N/A,FAILED
2024-12-17 20:57:25,319,70,flute,COMPLETED
2024-12-17 20:57:49,257,61,soup,COMPLETED
2024-12-17 20:58:49,721,49,miniature,COMPLETED
2024-12-17 20:59:01,678,47,N/A,FAILED
2024-12-17 20:59:31,739,59,N/A,FAILED
2024-12-17 20:59:44,38,30,N/A,FAILED
2024-12-17 21:00:01,358,8,evening,COMPLETED
2024-12-17 21:01:05,357,55,community,COMPLETED
2024-12-17 21:01:33,618,70,N/A,FAILED
2024-12-17 21:02:37,422,39,N/A,FAILED
2024-12-17 21:02:58,125,150,N/A,FAILED
2024-12-17 21:04:29,278,136,N/A,FAILED
2024-12-17 21:05:07,502,150,N/A,FAILED
2024-12-17 21:05:35,427,29,dinner,COMPLETED
2024-12-17 21:05:54,460,22,snack,COMPLETED
2024-12-17 21:06:07,241,77,N/A,FAILED
2024-12-17 21:06:13,17,69,N/A,FAILED
2024-12-17 21:07:10,722,38,owl,COMPLETED
2024-12-17 21:08:01,622,94,kingdom,COMPLETED
2024-12-17 21:09:39,661,150,N/A,FAILED
2024-12-17 21:09:55,91,133,student,COMPLETED
2024-12-17 21:10:04,510,68,N/A,FAILED
2024-12-17 21:10:22,794,59,N/A,FAILED
2024-12-17 21:10:39,563,10,earth,COMPLETED
2024-12-17 21:12:52,636,112,studio,COMPLETED
2024-12-17 21:13:32,770,150,N/A,FAILED
2024-12-17 21:13:40,76,150,N/A,FAILED
2024-12-17 21:15:00,387,135,N/A,FAILED
2024-12-17 21:16:33,638,77,N/A,FAILED
2024-12-17 21:16:41,361,150,N/A,FAILED
2024-12-17 21:16:51,671,109,socket,COMPLETED
2024-12-17 21:18:13,454,128,scissors,COMPLETED
2024-12-17 21:19:00,654,61,N/A,FAILED
2024-12-17 21:20:21,338,150,N/A,FAILED
2024-12-17 21:20:42,515,150,N/A,FAILED
2024-12-17 21:21:05,743,67,N/A,FAILED
2024-12-17 21:22:03,374,150,N/A,FAILED
2024-12-17 21:22:51,561,97,N/A,FAILED
2024-12-17 21:23:14,817,97,N/A,FAILED
2024-12-17 21:25:13,2,49,N/A,FAILED
2024-12-17 21:25:35,97,134,N/A,FAILED
2024-12-17 21:26:22,820,104,N/A,FAILED
2024-12-17 21:27:13,243,126,N/A,FAILED
2024-12-17 21:27:49,347,22,bacteria,COMPLETED
2024-12-17 21:28:54,596,88,N/A,FAILED
2024-12-17 21:29:08,372,70,N/A,FAILED
2024-12-17 21:30:14,3,40,farming,COMPLETED
2024-12-17 21:30:22,234,43,N/A,FAILED
2024-12-17 21:30:42,370,134,carpet,COMPLETED
2024-12-17 21:32:04,208,54,N/A,FAILED
2024-12-17 21:32:38,740,150,N/A,FAILED
2024-12-17 21:33:10,636,112,studio,COMPLETED
2024-12-17 21:33:22,68,28,bedroom,COMPLETED
2024-12-17 21:34:06,230,110,N/A,FAILED
2024-12-17 21:34:39,687,54,N/A,FAILED
2024-12-17 21:35:21,590,45,N/A,FAILED
2024-12-17 21:36:54,695,41,N/A,FAILED
2024-12-17 21:37:01,412,150,N/A,FAILED
2024-12-17 21:37:50,31,108,N/A,FAILED
2024-12-17 21:38:09,43,144,N/A,FAILED
2024-12-17 21:38:46,597,66,agreement,COMPLETED
2024-12-17 21:41:21,786,120,N/A,FAILED
2024-12-17 21:41:32,653,74,N/A,FAILED
2024-12-17 21:42:09,753,21,strategy,COMPLETED
2024-12-17 21:42:32,484,72,N/A,FAILED
2024-12-17 21:42:35,178,130,N/A,FAILED
2024-12-17 21:44:22,606,83,peach,COMPLETED
2024-12-17 21:44:36,189,124,pumpkin,COMPLETED
2024-12-17 21:45:50,469,87,N/A,FAILED
2024-12-17 21:46:31,129,109,N/A,FAILED
2024-12-17 21:46:37,452,86,N/A,FAILED
2024-12-17 21:47:50,673,76,tendon,COMPLETED
2024-12-17 21:48:16,239,138,cake,COMPLETED
2024-12-17 21:48:27,544,22,surgery,COMPLETED
2024-12-17 21:49:21,313,40,duck,COMPLETED
2024-12-17 21:49:49,438,60,N/A,FAILED
2024-12-17 21:49:51,775,62,N/A,FAILED
2024-12-17 21:50:45,157,54,N/A,FAILED
2024-12-17 21:51:25,365,80,village,COMPLETED
2024-12-17 21:52:45,507,78,debate,COMPLETED
2024-12-17 21:53:54,154,90,N/A,FAILED
2024-12-17 21:54:11,272,81,dolphin,COMPLETED
2024-12-17 21:54:13,589,101,N/A,FAILED
2024-12-17 21:54:51,460,22,snack,COMPLETED
2024-12-17 21:55:01,170,80,butterfly,COMPLETED
2024-12-17 21:55:25,602,20,meal,COMPLETED
2024-12-17 21:56:02,349,44,N/A,FAILED
2024-12-17 21:57:03,812,52,snake,COMPLETED
2024-12-17 21:57:38,570,80,N/A,FAILED
2024-12-17 21:58:37,202,82,N/A,FAILED
2024-12-17 22:00:17,1,40,N/A,FAILED
2024-12-17 22:00:32,505,65,son,COMPLETED
2024-12-17 22:00:35,33,92,N/A,FAILED
2024-12-17 22:00:44,117,14,mountain,COMPLETED
2024-12-17 22:00:59,345,150,N/A,FAILED
2024-12-17 22:02:11,487,36,koala,COMPLETED
2024-12-17 22:02:30,758,50,N/A,FAILED
2024-12-17 22:03:09,100,103,classroom,COMPLETED
2024-12-17 22:04:19,457,35,N/A,FAILED
2024-12-17 22:04:35,258,111,N/A,FAILED
2024-12-17 22:05:08,10,20,fun,COMPLETED
2024-12-17 22:06:10,451,97,N/A,FAILED
2024-12-17 22:06:14,197,150,N/A,FAILED
2024-12-17 22:07:08,309,88,N/A,FAILED
2024-12-17 22:08:44,443,64,N/A,FAILED
2024-12-17 22:08:53,298,150,N/A,FAILED
2024-12-17 22:09:21,31,108,N/A,FAILED
2024-12-17 22:10:18,723,38,N/A,FAILED
2024-12-17 22:10:33,777,130,N/A,FAILED
2024-12-17 22:12:01,818,28,N/A,FAILED
2024-12-17 22:12:06,354,108,N/A,FAILED
2024-12-17 22:12:18,706,111,N/A,FAILED
2024-12-17 22:12:53,100,103,classroom,COMPLETED
2024-12-17 22:14:10,658,58,N/A,FAILED
2024-12-17 22:15:17,167,43,lobster,COMPLETED
2024-12-17 22:15:21,680,92,N/A,FAILED
2024-12-17 22:15:22,216,120,N/A,FAILED
2024-12-17 22:16:36,811,150,N/A,FAILED
2024-12-17 22:17:11,662,72,shellfish,COMPLETED
2024-12-17 22:18:06,628,63,N/A,FAILED
2024-12-17 22:18:35,228,42,N/A,FAILED
2024-12-17 22:18:50,227,85,N/A,FAILED
2024-12-17 22:19:51,535,109,lottery,COMPLETED
2024-12-17 22:19:58,15,36,work,COMPLETED
2024-12-17 22:20:09,358,7,evening,COMPLETED
2024-12-17 22:21:42,384,96,N/A,FAILED
2024-12-17 22:21:53,719,150,N/A,FAILED
2024-12-17 22:22:24,534,80,airplane,COMPLETED
2024-12-17 22:22:27,604,63,N/A,FAILED
2024-12-17 22:22:50,53,39,christmas,COMPLETED
2024-12-17 22:23:45,426,50,paddling,COMPLETED
2024-12-17 22:23:50,590,44,N/A,FAILED
2024-12-17 22:24:14,48,69,kitchen,COMPLETED
2024-12-17 22:24:37,51,31,country,COMPLETED
2024-12-17 22:25:15,788,23,verb,COMPLETED
2024-12-17 22:26:23,409,84,magazine,COMPLETED
2024-12-17 22:27:11,93,146,N/A,FAILED
2024-12-17 22:27:32,128,111,N/A,FAILED
2024-12-17 22:28:29,113,34,lion,COMPLETED
2024-12-17 22:29:05,625,150,N/A,FAILED
2024-12-17 22:29:40,602,21,meal,COMPLETED
2024-12-17 22:29:50,426,52,paddle,COMPLETED
2024-12-17 22:30:14,176,150,N/A,FAILED
2024-12-17 22:31:00,772,150,N/A,FAILED
2024-12-17 22:32:37,222,63,sausage,COMPLETED
2024-12-17 22:33:08,613,52,N/A,FAILED
2024-12-17 22:33:37,328,110,N/A,FAILED
2024-12-17 22:33:45,123,85,N/A,FAILED
2024-12-17 22:34:53,608,68,spanish,COMPLETED
2024-12-17 22:35:28,573,68,station,COMPLETED
2024-12-17 22:36:28,202,82,N/A,FAILED
2024-12-17 22:36:35,447,150,N/A,FAILED
2024-12-17 22:37:15,82,68,N/A,FAILED
2024-12-17 22:39:02,608,70,spanish,COMPLETED
2024-12-17 22:39:23,732,150,N/A,FAILED
2024-12-17 22:39:29,619,120,bass,COMPLETED
2024-12-17 22:40:23,332,150,N/A,FAILED
2024-12-17 22:40:31,533,40,marriage,COMPLETED
2024-12-17 22:41:05,399,45,N/A,FAILED
2024-12-17 22:41:29,404,14,month,COMPLETED
2024-12-17 22:42:16,576,44,N/A,FAILED
2024-12-17 22:42:20,55,80,N/A,FAILED
2024-12-17 22:42:43,199,73,opera,COMPLETED
2024-12-17 22:43:11,333,16,giraffe,COMPLETED
2024-12-17 22:44:11,149,68,N/A,FAILED
2024-12-17 22:44:44,457,35,N/A,FAILED
2024-12-17 22:46:02,478,67,N/A,FAILED
2024-12-17 22:46:06,746,47,N/A,FAILED
2024-12-17 22:46:22,63,36,N/A,FAILED
2024-12-17 22:46:49,365,80,village,COMPLETED
2024-12-17 22:47:08,401,41,emotion,COMPLETED
2024-12-17 22:49:27,249,82,N/A,FAILED
2024-12-17 22:50:18,743,67,N/A,FAILED
2024-12-17 22:50:27,596,88,N/A,FAILED
2024-12-17 22:50:46,563,11,earth,COMPLETED
2024-12-17 22:50:57,736,84,N/A,FAILED
2024-12-17 22:51:01,485,25,kindness,COMPLETED
2024-12-17 22:51:06,640,30,N/A,FAILED
2024-12-17 22:52:36,728,53,chip,COMPLETED
2024-12-17 22:54:04,652,50,N/A,FAILED
2024-12-17 22:54:58,55,80,N/A,FAILED
2024-12-17 22:55:20,477,63,N/A,FAILED
2024-12-17 22:55:37,771,10,user,COMPLETED
2024-12-17 22:55:39,756,51,investment,COMPLETED
2024-12-17 22:56:02,344,99,N/A,FAILED
2024-12-17 22:57:18,505,65,son,COMPLETED
2024-12-17 22:58:52,723,38,N/A,FAILED
2024-12-17 22:59:00,317,150,N/A,FAILED
2024-12-17 22:59:03,204,85,N/A,FAILED
2024-12-17 23:00:16,740,150,N/A,FAILED
2024-12-17 23:00:52,221,11,feeling,COMPLETED
2024-12-17 23:01:28,198,42,N/A,FAILED
2024-12-17 23:02:06,544,22,surgery,COMPLETED
2024-12-17 23:04:33,610,146,professor,COMPLETED
2024-12-17 23:05:20,405,134,N/A,FAILED
2024-12-17 23:05:45,650,71,N/A,FAILED
2024-12-17 23:05:56,335,74,N/A,FAILED
2024-12-17 23:09:31,58,150,N/A,FAILED
2024-12-17 23:10:28,94,150,N/A,FAILED
2024-12-17 23:10:37,30,132,N/A,FAILED
2024-12-17 23:10:48,229,150,N/A,FAILED
2024-12-17 23:12:12,41,66,newspaper,COMPLETED
2024-12-17 23:12:13,756,61,investment,COMPLETED
2024-12-17 23:12:30,198,42,N/A,FAILED
2024-12-17 23:13:13,790,39,logic,COMPLETED
2024-12-17 23:13:21,276,150,N/A,FAILED
2024-12-17 23:13:37,470,33,N/A,FAILED
2024-12-17 23:15:17,601,73,astronomy,COMPLETED
2024-12-17 23:16:42,97,134,N/A,FAILED
2024-12-17 23:17:17,33,92,N/A,FAILED
2024-12-17 23:17:27,621,122,N/A,FAILED
2024-12-17 23:18:51,800,24,N/A,FAILED
2024-12-17 23:18:54,489,41,N/A,FAILED
2024-12-17 23:19:05,236,120,N/A,FAILED
2024-12-17 23:20:06,148,81,N/A,FAILED
2024-12-17 23:20:47,14,19,N/A,FAILED
2024-12-17 23:21:46,768,41,N/A,FAILED
2024-12-17 23:21:54,226,45,N/A,FAILED
2024-12-17 23:23:08,353,49,N/A,FAILED
2024-12-17 23:23:09,546,38,N/A,FAILED
2024-12-17 23:24:11,2,49,N/A,FAILED
2024-12-17 23:24:12,737,86,vehicle,COMPLETED
2024-12-17 23:25:16,590,46,N/A,FAILED
2024-12-17 23:25:40,754,25,N/A,FAILED
2024-12-17 23:27:03,512,130,N/A,FAILED
2024-12-17 23:27:52,141,55,N/A,FAILED
2024-12-17 23:28:33,512,130,N/A,FAILED
2024-12-17 23:29:14,289,82,N/A,FAILED
2024-12-17 23:29:20,540,39,N/A,FAILED
2024-12-17 23:30:27,675,71,lilac,COMPLETED
2024-12-17 23:31:51,212,150,N/A,FAILED
2024-12-17 23:32:12,546,38,N/A,FAILED
2024-12-17 23:33:09,747,95,N/A,FAILED
2024-12-17 23:34:17,766,32,N/A,FAILED
2024-12-17 23:37:15,273,150,N/A,FAILED
2024-12-17 23:37:21,591,128,N/A,FAILED
2024-12-17 23:37:31,108,150,N/A,FAILED
2024-12-17 23:38:33,144,150,N/A,FAILED
2024-12-17 23:39:18,499,29,N/A,FAILED
2024-12-17 23:40:56,378,94,melody,COMPLETED
2024-12-17 23:41:04,735,79,N/A,FAILED
2024-12-17 23:41:26,237,46,continent,COMPLETED
2024-12-17 23:43:38,97,134,N/A,FAILED
2024-12-17 23:43:40,386,73,wire,COMPLETED
2024-12-17 23:46:11,446,141,N/A,FAILED
2024-12-17 23:46:42,501,143,state,COMPLETED
2024-12-17 23:47:19,816,76,N/A,FAILED
2024-12-17 23:48:13,252,32,cafeteria,COMPLETED
2024-12-17 23:48:52,538,117,N/A,FAILED
2024-12-17 23:50:47,641,61,gravel,COMPLETED
2024-12-17 23:51:09,39,72,N/A,FAILED
2024-12-17 23:55:11,152,66,N/A,FAILED
2024-12-17 23:55:16,18,38,N/A,FAILED
2024-12-17 23:55:38,4,13,meat,COMPLETED
2024-12-17 23:56:39,532,74,lemonade,COMPLETED
2024-12-17 23:58:04,38,30,N/A,FAILED
2024-12-17 23:59:05,86,76,N/A,FAILED
2024-12-17 23:59:39,164,40,N/A,FAILED
2024-12-18 00:00:32,44,133,N/A,FAILED
2024-12-18 00:03:00,586,63,N/A,FAILED
2024-12-18 00:04:08,757,81,N/A,FAILED
2024-12-18 00:04:12,36,79,N/A,FAILED
2024-12-18 00:04:48,221,10,feeling,COMPLETED
2024-12-18 00:04:58,729,147,N/A,FAILED
2024-12-18 00:06:57,359,33,N/A,FAILED
2024-12-18 00:07:00,380,57,fabric,COMPLETED
2024-12-18 00:08:22,218,110,N/A,FAILED
2024-12-18 00:08:34,134,150,N/A,FAILED
2024-12-18 00:09:03,679,57,grain,COMPLETED
2024-12-18 00:12:39,447,150,N/A,FAILED
2024-12-18 00:13:46,755,150,N/A,FAILED
2024-12-18 00:13:53,145,150,N/A,FAILED
2024-12-18 00:14:38,777,130,N/A,FAILED
2024-12-18 00:15:26,397,28,patient,COMPLETED
2024-12-18 00:16:23,312,58,island,COMPLETED
2024-12-18 00:16:32,477,63,N/A,FAILED
2024-12-18 00:16:53,346,12,room,COMPLETED
2024-12-18 00:17:50,559,82,job,COMPLETED
2024-12-18 00:18:21,465,85,N/A,FAILED
2024-12-18 00:18:34,543,28,priced,COMPLETED
2024-12-18 00:18:55,420,71,N/A,FAILED
2024-12-18 00:20:14,697,105,N/A,FAILED
2024-12-18 00:20:45,473,19,anger,COMPLETED
2024-12-18 00:21:55,706,111,N/A,FAILED
2024-12-18 00:22:01,171,108,N/A,FAILED
2024-12-18 00:22:50,761,150,N/A,FAILED
2024-12-18 00:24:28,526,99,medicine,COMPLETED
2024-12-18 00:24:50,584,150,N/A,FAILED
2024-12-18 00:25:47,338,150,N/A,FAILED
2024-12-18 00:26:38,740,150,N/A,FAILED
2024-12-18 00:28:53,206,114,N/A,FAILED
2024-12-18 00:29:29,387,135,N/A,FAILED
2024-12-18 00:29:31,574,56,N/A,FAILED
2024-12-18 00:29:54,342,129,N/A,FAILED
2024-12-18 00:30:19,437,29,pig,COMPLETED
2024-12-18 00:30:31,787,63,clutch,COMPLETED
2024-12-18 00:31:23,601,74,astronomy,COMPLETED
2024-12-18 00:32:05,577,29,dock,COMPLETED
2024-12-18 00:33:34,304,150,N/A,FAILED
2024-12-18 00:34:00,374,150,N/A,FAILED
2024-12-18 00:34:19,87,119,N/A,FAILED
2024-12-18 00:34:49,801,80,N/A,FAILED
2024-12-18 00:35:14,284,64,candle,COMPLETED
2024-12-18 00:36:01,240,79,N/A,FAILED
2024-12-18 00:36:22,4,13,meat,COMPLETED
2024-12-18 00:36:55,576,44,N/A,FAILED
2024-12-18 00:37:02,707,52,N/A,FAILED
2024-12-18 00:37:26,716,16,hippopotamus,COMPLETED
2024-12-18 00:37:37,455,128,N/A,FAILED
2024-12-18 00:38:41,721,49,miniature,COMPLETED
2024-12-18 00:40:05,49,150,N/A,FAILED
2024-12-18 00:40:09,646,83,N/A,FAILED
2024-12-18 00:41:08,584,150,N/A,FAILED
2024-12-18 00:41:31,562,72,N/A,FAILED
2024-12-18 00:43:10,65,64,N/A,FAILED
2024-12-18 00:43:19,104,30,N/A,FAILED
2024-12-18 00:43:26,440,69,N/A,FAILED
2024-12-18 00:43:43,9,13,bird,COMPLETED
2024-12-18 00:44:41,464,51,beverage,COMPLETED
2024-12-18 00:44:55,338,150,N/A,FAILED
2024-12-18 00:45:24,397,28,patient,COMPLETED
2024-12-18 00:45:33,109,84,N/A,FAILED
2024-12-18 00:47:10,72,64,baby,COMPLETED
2024-12-18 00:47:19,311,106,N/A,FAILED
2024-12-18 00:48:21,33,92,N/A,FAILED
2024-12-18 00:48:47,499,29,N/A,FAILED
2024-12-18 00:48:59,605,23,lizard,COMPLETED
2024-12-18 00:49:15,424,150,N/A,FAILED
2024-12-18 00:49:56,289,82,N/A,FAILED
2024-12-18 00:50:49,222,63,sausage,COMPLETED
2024-12-18 00:51:55,46,90,N/A,FAILED
2024-12-18 00:52:28,31,108,N/A,FAILED
2024-12-18 00:52:52,489,41,N/A,FAILED
2024-12-18 00:53:26,421,35,N/A,FAILED
2024-12-18 00:53:43,424,150,N/A,FAILED
2024-12-18 00:54:59,646,83,N/A,FAILED
2024-12-18 00:56:43,694,150,N/A,FAILED
2024-12-18 00:57:05,291,150,N/A,FAILED
2024-12-18 00:57:23,47,150,N/A,FAILED
2024-12-18 00:57:28,7,89,N/A,FAILED
2024-12-18 00:58:54,198,42,N/A,FAILED
2024-12-18 00:59:37,289,82,N/A,FAILED
2024-12-18 00:59:42,437,29,pig,COMPLETED
2024-12-18 01:01:00,546,38,N/A,FAILED
2024-12-18 01:01:13,288,150,N/A,FAILED
2024-12-18 01:01:19,389,150,N/A,FAILED
2024-12-18 01:01:58,343,74,N/A,FAILED
2024-12-18 01:02:48,323,47,N/A,FAILED
2024-12-18 01:04:36,454,130,scissors,COMPLETED
2024-12-18 01:05:08,636,112,studio,COMPLETED
2024-12-18 01:05:23,273,150,N/A,FAILED
2024-12-18 18:30:33,None,0,N/A,FAILED,Model 1.0
2024-12-18 18:30:41,None,0,N/A,FAILED,Model 1.0
2024-12-18 18:31:12,None,0,N/A,FAILED,Model 1.0
2024-12-18 18:31:21,None,0,N/A,FAILED,Model 1.0
2024-12-18 18:31:30,None,0,N/A,FAILED,Model 3.0
2024-12-18 18:31:31,None,0,N/A,FAILED,Model 3.0
2024-12-18 18:31:53,None,0,N/A,FAILED,Model 1.0
2024-12-18 18:35:45,None,0,N/A,FAILED,Model 3.0
2024-12-18 18:45:53,642,22,N/A,FAILED,Model 1.0
2024-12-18 18:46:11,592,23,N/A,FAILED,Model 1.0
2024-12-18 18:46:31,592,23,N/A,FAILED,Model 3.0
2024-12-18 18:46:59,609,25,N/A,FAILED,Model 1.0
2024-12-18 18:48:05,210,59,N/A,FAILED,Model 1.0
2024-12-18 18:48:21,642,89,N/A,FAILED,Model 3.0
2024-12-18 18:48:48,210,59,N/A,FAILED,Model 3.0
2024-12-18 18:50:39,821,87,N/A,FAILED,Model 1.0
2024-12-18 18:50:46,80,150,N/A,FAILED,Model 1.0
2024-12-18 18:51:45,201,25,N/A,FAILED,Model 1.0
2024-12-18 18:52:10,609,150,N/A,FAILED,Model 3.0
2024-12-18 18:52:29,787,50,N/A,FAILED,Model 1.0
2024-12-18 18:52:36,80,150,N/A,FAILED,Model 3.0
2024-12-18 18:53:15,335,32,N/A,FAILED,Model 1.0
2024-12-18 18:54:13,72,42,N/A,FAILED,Model 1.0
2024-12-18 18:54:16,787,63,clutch,COMPLETED,Model 3.0
2024-12-18 18:55:36,821,103,N/A,FAILED,Model 3.0
2024-12-18 18:56:54,537,68,N/A,FAILED,Model 1.0
2024-12-18 18:57:00,311,99,N/A,FAILED,Model 1.0
2024-12-18 18:57:15,201,88,N/A,FAILED,Model 3.0
2024-12-18 18:57:54,335,74,N/A,FAILED,Model 3.0
2024-12-18 18:58:31,362,46,N/A,FAILED,Model 1.0
2024-12-18 18:58:53,72,64,baby,COMPLETED,Model 3.0
2024-12-18 19:00:28,451,92,N/A,FAILED,Model 1.0
2024-12-18 19:03:33,704,31,N/A,FAILED,Model 1.0
2024-12-18 19:04:39,537,69,currency,COMPLETED,Model 3.0
2024-12-18 19:05:10,187,22,N/A,FAILED,Model 1.0
2024-12-18 19:05:53,311,106,N/A,FAILED,Model 3.0
2024-12-18 19:05:56,606,83,N/A,FAILED,Model 1.0
2024-12-18 19:07:20,364,18,N/A,FAILED,Model 1.0
2024-12-18 19:09:00,606,84,peach,COMPLETED,Model 3.0
2024-12-18 19:09:28,157,42,N/A,FAILED,Model 1.0
2024-12-18 19:09:42,362,49,N/A,FAILED,Model 3.0
2024-12-18 19:09:44,704,49,N/A,FAILED,Model 3.0
2024-12-18 19:10:28,757,68,N/A,FAILED,Model 1.0
2024-12-18 19:11:50,143,60,N/A,FAILED,Model 1.0
2024-12-18 19:12:36,451,97,N/A,FAILED,Model 3.0
2024-12-18 19:13:45,806,42,N/A,FAILED,Model 1.0
2024-12-18 19:14:22,455,50,N/A,FAILED,Model 1.0
2024-12-18 19:15:13,440,70,N/A,FAILED,Model 1.0
2024-12-18 19:15:32,748,94,N/A,FAILED,Model 1.0
2024-12-18 19:15:38,757,81,N/A,FAILED,Model 3.0
2024-12-18 19:16:02,157,54,N/A,FAILED,Model 3.0
2024-12-18 19:16:21,187,67,N/A,FAILED,Model 3.0
2024-12-18 19:16:37,749,26,N/A,FAILED,Model 1.0
2024-12-18 19:16:40,246,81,N/A,FAILED,Model 1.0
2024-12-18 19:16:58,211,25,N/A,FAILED,Model 1.0
2024-12-18 19:18:29,256,25,N/A,FAILED,Model 1.0
2024-12-18 19:18:47,801,81,N/A,FAILED,Model 1.0
2024-12-18 19:18:47,364,132,N/A,FAILED,Model 3.0
2024-12-18 19:21:04,480,55,N/A,FAILED,Model 1.0
2024-12-18 19:21:04,308,59,N/A,FAILED,Model 1.0
2024-12-18 19:21:06,447,150,N/A,FAILED,Model 1.0
2024-12-18 19:21:47,259,81,N/A,FAILED,Model 1.0
2024-12-18 19:22:10,143,60,N/A,FAILED,Model 3.0
2024-12-18 19:22:44,386,22,N/A,FAILED,Model 1.0
2024-12-18 19:23:01,806,42,N/A,FAILED,Model 3.0
2024-12-18 19:23:08,124,44,N/A,FAILED,Model 1.0
2024-12-18 19:23:14,440,70,N/A,FAILED,Model 3.0
2024-12-18 19:23:30,748,94,N/A,FAILED,Model 3.0
2024-12-18 19:24:32,635,23,N/A,FAILED,Model 1.0
2024-12-18 19:24:52,664,47,N/A,FAILED,Model 1.0
2024-12-18 19:25:29,246,81,N/A,FAILED,Model 3.0
2024-12-18 19:25:46,320,64,N/A,FAILED,Model 1.0
2024-12-18 19:26:18,455,128,N/A,FAILED,Model 3.0
2024-12-18 19:26:26,525,22,N/A,FAILED,Model 1.0
2024-12-18 19:27:07,749,31,N/A,FAILED,Model 3.0
2024-12-18 19:27:08,707,52,N/A,FAILED,Model 1.0
2024-12-18 19:27:10,212,66,N/A,FAILED,Model 1.0
2024-12-18 19:27:24,480,33,wheat,COMPLETED,Model 3.0
2024-12-18 19:27:56,211,25,N/A,FAILED,Model 3.0
2024-12-18 19:28:36,260,77,N/A,FAILED,Model 1.0
2024-12-18 19:28:37,782,22,N/A,FAILED,Model 1.0
2024-12-18 19:28:40,256,54,grammar,COMPLETED,Model 3.0
2024-12-18 19:28:48,801,80,N/A,FAILED,Model 3.0
2024-12-18 19:28:57,436,54,N/A,FAILED,Model 1.0
2024-12-18 19:31:19,447,150,N/A,FAILED,Model 3.0
2024-12-18 19:31:22,779,31,N/A,FAILED,Model 1.0
2024-12-18 19:31:30,799,81,N/A,FAILED,Model 1.0
2024-12-18 19:31:37,259,108,bathroom,COMPLETED,Model 3.0
2024-12-18 19:31:39,291,90,N/A,FAILED,Model 1.0
2024-12-18 19:31:55,308,150,N/A,FAILED,Model 3.0
2024-12-18 19:32:36,422,39,N/A,FAILED,Model 1.0
2024-12-18 19:32:50,160,28,N/A,FAILED,Model 1.0
2024-12-18 19:33:03,664,64,N/A,FAILED,Model 3.0
2024-12-18 19:33:25,277,131,N/A,FAILED,Model 1.0
2024-12-18 19:33:32,386,72,wire,COMPLETED,Model 3.0
2024-12-18 19:34:36,111,72,N/A,FAILED,Model 1.0
2024-12-18 19:34:37,811,22,N/A,FAILED,Model 1.0
2024-12-18 19:35:14,124,150,N/A,FAILED,Model 3.0
2024-12-18 19:36:16,296,108,N/A,FAILED,Model 1.0
2024-12-18 19:36:25,320,71,N/A,FAILED,Model 3.0
2024-12-18 19:36:33,425,150,N/A,FAILED,Model 1.0
2024-12-18 19:36:59,64,92,N/A,FAILED,Model 1.0
2024-12-18 19:38:04,707,52,N/A,FAILED,Model 3.0
2024-12-18 19:38:38,79,44,N/A,FAILED,Model 1.0
2024-12-18 19:39:04,212,150,N/A,FAILED,Model 3.0
2024-12-18 19:39:15,765,54,N/A,FAILED,Model 1.0
2024-12-18 19:39:36,789,57,N/A,FAILED,Model 1.0
2024-12-18 19:39:37,635,96,N/A,FAILED,Model 3.0
2024-12-18 19:40:06,346,22,N/A,FAILED,Model 1.0
2024-12-18 19:40:25,531,39,N/A,FAILED,Model 1.0
2024-12-18 19:40:26,260,86,toilet,COMPLETED,Model 3.0
2024-12-18 19:40:43,525,73,N/A,FAILED,Model 3.0
2024-12-18 19:41:46,587,40,N/A,FAILED,Model 1.0
2024-12-18 19:42:05,799,84,rhyme,COMPLETED,Model 3.0
2024-12-18 19:43:06,196,88,N/A,FAILED,Model 1.0
2024-12-18 19:43:26,56,47,N/A,FAILED,Model 1.0
2024-12-18 19:44:15,782,45,N/A,FAILED,Model 3.0
2024-12-18 19:44:22,436,92,N/A,FAILED,Model 3.0
2024-12-18 19:44:30,61,150,N/A,FAILED,Model 1.0
2024-12-18 19:46:05,291,150,N/A,FAILED,Model 3.0
2024-12-18 19:46:41,562,48,N/A,FAILED,Model 1.0
2024-12-18 19:46:45,176,81,N/A,FAILED,Model 1.0
2024-12-18 19:46:55,277,131,N/A,FAILED,Model 3.0
2024-12-18 19:47:00,383,150,N/A,FAILED,Model 1.0
2024-12-18 19:47:17,422,39,N/A,FAILED,Model 3.0
2024-12-18 19:48:09,779,29,N/A,FAILED,Model 3.0
2024-12-18 19:48:13,599,39,N/A,FAILED,Model 1.0
2024-12-18 19:48:19,31,22,N/A,FAILED,Model 1.0
2024-12-18 19:48:53,160,106,N/A,FAILED,Model 3.0
2024-12-18 19:49:45,694,72,N/A,FAILED,Model 1.0
2024-12-18 19:50:43,478,67,N/A,FAILED,Model 1.0
2024-12-18 19:51:15,425,150,N/A,FAILED,Model 3.0
2024-12-18 19:51:15,702,24,N/A,FAILED,Model 1.0
2024-12-18 19:51:26,669,27,N/A,FAILED,Model 1.0
2024-12-18 19:52:14,220,42,N/A,FAILED,Model 1.0
2024-12-18 19:52:46,811,150,N/A,FAILED,Model 3.0
2024-12-18 19:53:12,111,91,N/A,FAILED,Model 3.0
2024-12-18 19:53:42,64,92,N/A,FAILED,Model 3.0
2024-12-18 19:53:43,751,32,N/A,FAILED,Model 1.0
2024-12-18 19:54:03,638,49,N/A,FAILED,Model 1.0
2024-12-18 19:54:20,296,131,N/A,FAILED,Model 3.0
2024-12-18 19:56:58,179,136,N/A,FAILED,Model 1.0
2024-12-18 19:57:38,654,40,N/A,FAILED,Model 1.0
2024-12-18 19:58:11,531,81,N/A,FAILED,Model 3.0
2024-12-18 19:58:14,33,113,N/A,FAILED,Model 1.0
2024-12-18 19:58:24,79,59,N/A,FAILED,Model 3.0
2024-12-18 19:58:41,346,12,room,COMPLETED,Model 3.0
2024-12-18 19:58:43,574,57,N/A,FAILED,Model 1.0
2024-12-18 19:59:40,765,84,N/A,FAILED,Model 3.0
2024-12-18 19:59:40,789,113,N/A,FAILED,Model 3.0
2024-12-18 20:00:54,393,84,N/A,FAILED,Model 1.0
2024-12-18 20:01:11,118,36,N/A,FAILED,Model 1.0
2024-12-18 20:02:07,636,59,N/A,FAILED,Model 1.0
2024-12-18 20:02:20,587,76,N/A,FAILED,Model 3.0
2024-12-18 20:02:31,49,150,N/A,FAILED,Model 1.0
2024-12-18 20:02:41,56,57,N/A,FAILED,Model 3.0
2024-12-18 20:03:34,61,150,N/A,FAILED,Model 3.0
2024-12-18 20:03:44,711,33,N/A,FAILED,Model 1.0
2024-12-18 20:03:49,19,22,N/A,FAILED,Model 1.0
2024-12-18 20:04:28,753,21,strategy,COMPLETED,Model 1.0
2024-12-18 20:04:48,66,70,N/A,FAILED,Model 1.0
2024-12-18 20:05:02,67,47,N/A,FAILED,Model 1.0
2024-12-18 20:05:16,196,141,N/A,FAILED,Model 3.0
2024-12-18 20:05:36,608,62,spanish,COMPLETED,Model 1.0
2024-12-18 20:05:48,689,30,corner,COMPLETED,Model 1.0
2024-12-18 20:06:14,176,150,N/A,FAILED,Model 3.0
2024-12-18 20:06:35,383,150,N/A,FAILED,Model 3.0
2024-12-18 20:06:35,252,32,cafeteria,COMPLETED,Model 1.0
2024-12-18 20:06:53,594,32,knowledge,COMPLETED,Model 1.0
2024-12-18 20:06:56,302,36,wig,COMPLETED,Model 1.0
2024-12-18 20:07:20,771,10,user,COMPLETED,Model 1.0
2024-12-18 20:07:52,167,42,lobster,COMPLETED,Model 1.0
2024-12-18 20:08:00,562,72,N/A,FAILED,Model 3.0
2024-12-18 20:08:18,102,129,violin,COMPLETED,Model 1.0
2024-12-18 20:08:31,10,26,fun,COMPLETED,Model 1.0
2024-12-18 20:09:05,599,42,N/A,FAILED,Model 3.0
2024-12-18 20:09:20,325,43,friendship,COMPLETED,Model 1.0
2024-12-18 20:09:25,115,46,cabbage,COMPLETED,Model 1.0
2024-12-18 20:10:04,478,67,N/A,FAILED,Model 3.0
2024-12-18 20:10:16,81,62,bakery,COMPLETED,Model 1.0
2024-12-18 20:10:47,812,37,snake,COMPLETED,Model 1.0
2024-12-18 20:10:52,694,150,N/A,FAILED,Model 3.0
2024-12-18 20:11:08,163,82,strawberry,COMPLETED,Model 1.0
2024-12-18 20:11:13,9,9,bird,COMPLETED,Model 1.0
2024-12-18 20:11:13,577,27,dock,COMPLETED,Model 1.0
2024-12-18 20:12:32,68,40,N/A,FAILED,Model 1.0
2024-12-18 20:12:51,31,108,N/A,FAILED,Model 3.0
2024-12-18 20:12:55,371,50,sweet,COMPLETED,Model 1.0
2024-12-18 20:13:13,251,5,animal,COMPLETED,Model 1.0
2024-12-18 20:13:34,646,65,manager,COMPLETED,Model 1.0
2024-12-18 20:13:41,220,56,N/A,FAILED,Model 3.0
2024-12-18 20:13:43,669,31,N/A,FAILED,Model 3.0
2024-12-18 20:13:46,685,87,stove,COMPLETED,Model 1.0
2024-12-18 20:14:05,702,52,N/A,FAILED,Model 3.0
2024-12-18 20:14:44,496,51,avocado,COMPLETED,Model 1.0
2024-12-18 20:15:22,25,53,dog,COMPLETED,Model 1.0
2024-12-18 20:16:19,638,77,N/A,FAILED,Model 3.0
2024-12-18 20:17:26,751,88,depth,COMPLETED,Model 3.0
2024-12-18 20:17:48,33,92,N/A,FAILED,Model 3.0
2024-12-18 20:19:58,179,138,N/A,FAILED,Model 3.0
2024-12-18 20:20:29,654,61,N/A,FAILED,Model 3.0
2024-12-18 20:21:13,393,63,dish,COMPLETED,Model 3.0
2024-12-18 20:26:34,118,102,N/A,FAILED,Model 3.0
2024-12-18 20:27:34,636,112,studio,COMPLETED,Model 3.0
2024-12-18 20:29:45,711,69,N/A,FAILED,Model 3.0
2024-12-18 20:31:13,67,88,N/A,FAILED,Model 3.0
2024-12-18 20:31:31,19,56,road,COMPLETED,Model 3.0
2024-12-18 20:31:35,66,150,N/A,FAILED,Model 3.0
2024-12-18 20:31:46,753,21,strategy,COMPLETED,Model 3.0
2024-12-18 20:32:33,689,30,corner,COMPLETED,Model 3.0
2024-12-18 20:33:13,608,68,spanish,COMPLETED,Model 3.0
2024-12-18 20:33:34,252,32,cafeteria,COMPLETED,Model 3.0
2024-12-18 20:33:45,302,20,wig,COMPLETED,Model 3.0
2024-12-18 20:34:20,594,29,knowledge,COMPLETED,Model 3.0
2024-12-18 20:34:50,102,130,violin,COMPLETED,Model 3.0
2024-12-18 20:34:51,115,19,cabbage,COMPLETED,Model 3.0
2024-12-18 20:34:53,167,44,lobster,COMPLETED,Model 3.0
2024-12-18 20:35:08,771,10,user,COMPLETED,Model 3.0
2024-12-18 20:35:24,10,20,fun,COMPLETED,Model 3.0
2024-12-18 20:36:53,163,68,strawberry,COMPLETED,Model 3.0
2024-12-18 20:36:55,325,77,friendship,COMPLETED,Model 3.0
2024-12-18 20:36:57,81,62,bakery,COMPLETED,Model 3.0
2024-12-18 20:37:41,68,29,bedroom,COMPLETED,Model 3.0
2024-12-18 20:37:43,577,29,dock,COMPLETED,Model 3.0
2024-12-18 20:38:05,9,14,bird,COMPLETED,Model 3.0
2024-12-18 20:38:22,812,52,snake,COMPLETED,Model 3.0
2024-12-18 20:39:03,371,51,sweet,COMPLETED,Model 3.0
2024-12-18 20:40:23,685,88,stove,COMPLETED,Model 3.0
2024-12-18 20:40:34,251,5,animal,COMPLETED,Model 3.0
2024-12-18 20:40:42,25,55,dog,COMPLETED,Model 3.0
2024-12-18 20:40:49,646,83,N/A,FAILED,Model 3.0
2024-12-18 20:41:49,496,50,avocado,COMPLETED,Model 3.0
2024-12-18 21:04:24,382,68,orchestra,COMPLETED,Model 3.0
